<?xml version="1.0" encoding="UTF-8"?>
<!-- Generated by org.testng.reporters.JUnitXMLReporter -->
<testsuite ignored="1" hostname="Niha" failures="0" tests="1" name="Default test" time="4.997" errors="0" timestamp="2025-02-14T12:20:37 IST">
  <testcase classname="com.testcases.LoginPageTestcase" name="testValidateTitile" time="2.044"/>
  <testcase classname="com.testcases.LoginPageTestcase" name="testLogin" time="0.0">
    <ignored/>
  </testcase> <!-- testLogin -->
</testsuite> <!-- Default test -->
