<?xml version="1.0" encoding="UTF-8"?>
<testng-results ignored="0" total="3" passed="3" failed="0" skipped="0">
  <reporter-output>
  </reporter-output>
  <suite started-at="2025-02-16T17:39:33 IST" name="Suite" finished-at="2025-02-16T17:39:54 IST" duration-ms="21295">
    <groups>
    </groups>
    <test started-at="2025-02-16T17:39:33 IST" name="ChromeTest" finished-at="2025-02-16T17:39:36 IST" duration-ms="3364">
      <class name="com.seleniumgrid.ParallelTests">
        <test-method signature="crossBowser(java.lang.String)[pri:0, instance:com.seleniumgrid.ParallelTests@23f7d05d]" started-at="2025-02-16T17:39:33 IST" name="crossBowser" finished-at="2025-02-16T17:39:36 IST" duration-ms="3335" status="PASS">
          <params>
            <param index="0">
              <value>
                <![CDATA[Chrome]]>
              </value>
            </param>
          </params>
          <reporter-output>
          </reporter-output>
        </test-method> <!-- crossBowser -->
      </class> <!-- com.seleniumgrid.ParallelTests -->
    </test> <!-- ChromeTest -->
    <test started-at="2025-02-16T17:39:36 IST" name="EdgeTest" finished-at="2025-02-16T17:39:43 IST" duration-ms="6389">
      <class name="com.seleniumgrid.ParallelTests">
        <test-method signature="crossBowser(java.lang.String)[pri:0, instance:com.seleniumgrid.ParallelTests@27ae2fd0]" started-at="2025-02-16T17:39:36 IST" name="crossBowser" finished-at="2025-02-16T17:39:43 IST" duration-ms="6381" status="PASS">
          <params>
            <param index="0">
              <value>
                <![CDATA[Edge]]>
              </value>
            </param>
          </params>
          <reporter-output>
          </reporter-output>
        </test-method> <!-- crossBowser -->
      </class> <!-- com.seleniumgrid.ParallelTests -->
    </test> <!-- EdgeTest -->
    <test started-at="2025-02-16T17:39:43 IST" name="FirefoxTest" finished-at="2025-02-16T17:39:54 IST" duration-ms="11500">
      <class name="com.seleniumgrid.ParallelTests">
        <test-method signature="crossBowser(java.lang.String)[pri:0, instance:com.seleniumgrid.ParallelTests@124c278f]" started-at="2025-02-16T17:39:43 IST" name="crossBowser" finished-at="2025-02-16T17:39:54 IST" duration-ms="11500" status="PASS">
          <params>
            <param index="0">
              <value>
                <![CDATA[Firefox]]>
              </value>
            </param>
          </params>
          <reporter-output>
          </reporter-output>
        </test-method> <!-- crossBowser -->
      </class> <!-- com.seleniumgrid.ParallelTests -->
    </test> <!-- FirefoxTest -->
  </suite> <!-- Suite -->
</testng-results>
