<?xml version="1.0" encoding="UTF-8"?>
<testng-results ignored="0" total="3" passed="3" failed="0" skipped="0">
  <reporter-output>
  </reporter-output>
  <suite started-at="2025-02-16T02:07:58 IST" name="Suite" finished-at="2025-02-16T02:08:14 IST" duration-ms="15828">
    <groups>
    </groups>
    <test started-at="2025-02-16T02:07:58 IST" name="LoginTest" finished-at="2025-02-16T02:08:04 IST" duration-ms="6149">
      <class name="com.testcases.LoginPageTestcase">
        <test-method is-config="true" signature="setUp()[pri:0, instance:com.testcases.LoginPageTestcase@4fe767f3]" started-at="2025-02-16T02:07:58 IST" name="setUp" finished-at="2025-02-16T02:08:04 IST" duration-ms="5299" status="PASS">
          <reporter-output>
          </reporter-output>
        </test-method> <!-- setUp -->
        <test-method signature="testLogin()[pri:1, instance:com.testcases.LoginPageTestcase@4fe767f3]" started-at="2025-02-16T02:08:04 IST" name="testLogin" finished-at="2025-02-16T02:08:04 IST" duration-ms="824" status="PASS">
          <reporter-output>
          </reporter-output>
        </test-method> <!-- testLogin -->
        <test-method signature="testValidateTitile()[pri:1, instance:com.testcases.LoginPageTestcase@4fe767f3]" started-at="2025-02-16T02:08:04 IST" name="testValidateTitile" finished-at="2025-02-16T02:08:04 IST" duration-ms="6" status="PASS">
          <reporter-output>
          </reporter-output>
        </test-method> <!-- testValidateTitile -->
      </class> <!-- com.testcases.LoginPageTestcase -->
    </test> <!-- LoginTest -->
    <test started-at="2025-02-16T02:08:04 IST" name="LogOutTest" finished-at="2025-02-16T02:08:14 IST" duration-ms="9658">
      <class name="com.testcases.LogoutPageTestcases">
        <test-method is-config="true" signature="setUp()[pri:0, instance:com.testcases.LogoutPageTestcases@47542153]" started-at="2025-02-16T02:08:04 IST" name="setUp" finished-at="2025-02-16T02:08:08 IST" duration-ms="3966" status="PASS">
          <reporter-output>
          </reporter-output>
        </test-method> <!-- setUp -->
        <test-method signature="logout()[pri:0, instance:com.testcases.LogoutPageTestcases@47542153]" started-at="2025-02-16T02:08:08 IST" name="logout" finished-at="2025-02-16T02:08:14 IST" duration-ms="5692" status="PASS">
          <reporter-output>
          </reporter-output>
        </test-method> <!-- logout -->
      </class> <!-- com.testcases.LogoutPageTestcases -->
    </test> <!-- LogOutTest -->
  </suite> <!-- Suite -->
</testng-results>
