<?xml version="1.0" encoding="UTF-8"?>
<testng-results ignored="0" total="3" passed="3" failed="0" skipped="0">
  <reporter-output>
  </reporter-output>
  <suite started-at="2025-02-16T04:13:11 IST" name="Suite" finished-at="2025-02-16T04:13:21 IST" duration-ms="9657">
    <groups>
    </groups>
    <test started-at="2025-02-16T04:13:11 IST" name="ChromeTest" finished-at="2025-02-16T04:13:14 IST" duration-ms="2554">
      <class name="com.seleniumgridheadless.ParallelTestsHeadless">
        <test-method signature="crossBowser(java.lang.String)[pri:0, instance:com.seleniumgridheadless.ParallelTestsHeadless@1a6d8329]" started-at="2025-02-16T04:13:11 IST" name="crossBowser" finished-at="2025-02-16T04:13:14 IST" duration-ms="2518" status="PASS">
          <params>
            <param index="0">
              <value>
                <![CDATA[Chrome]]>
              </value>
            </param>
          </params>
          <reporter-output>
          </reporter-output>
        </test-method> <!-- crossBowser -->
      </class> <!-- com.seleniumgridheadless.ParallelTestsHeadless -->
    </test> <!-- ChromeTest -->
    <test started-at="2025-02-16T04:13:14 IST" name="EdgeTest" finished-at="2025-02-16T04:13:16 IST" duration-ms="2209">
      <class name="com.seleniumgridheadless.ParallelTestsHeadless">
        <test-method signature="crossBowser(java.lang.String)[pri:0, instance:com.seleniumgridheadless.ParallelTestsHeadless@cc43f62]" started-at="2025-02-16T04:13:14 IST" name="crossBowser" finished-at="2025-02-16T04:13:16 IST" duration-ms="2204" status="PASS">
          <params>
            <param index="0">
              <value>
                <![CDATA[Edge]]>
              </value>
            </param>
          </params>
          <reporter-output>
          </reporter-output>
        </test-method> <!-- crossBowser -->
      </class> <!-- com.seleniumgridheadless.ParallelTestsHeadless -->
    </test> <!-- EdgeTest -->
    <test started-at="2025-02-16T04:13:16 IST" name="FirefoxTest" finished-at="2025-02-16T04:13:21 IST" duration-ms="4839">
      <class name="com.seleniumgridheadless.ParallelTestsHeadless">
        <test-method signature="crossBowser(java.lang.String)[pri:0, instance:com.seleniumgridheadless.ParallelTestsHeadless@645aa696]" started-at="2025-02-16T04:13:16 IST" name="crossBowser" finished-at="2025-02-16T04:13:21 IST" duration-ms="4833" status="PASS">
          <params>
            <param index="0">
              <value>
                <![CDATA[Firefox]]>
              </value>
            </param>
          </params>
          <reporter-output>
          </reporter-output>
        </test-method> <!-- crossBowser -->
      </class> <!-- com.seleniumgridheadless.ParallelTestsHeadless -->
    </test> <!-- FirefoxTest -->
  </suite> <!-- Suite -->
</testng-results>
