<?xml version="1.0" encoding="UTF-8"?>
<testng-results ignored="0" total="3" passed="3" failed="0" skipped="0">
  <reporter-output>
  </reporter-output>
  <suite started-at="2025-02-14T12:23:36 IST" name="Suite" finished-at="2025-02-14T12:23:50 IST" duration-ms="13780">
    <groups>
    </groups>
    <test started-at="2025-02-14T12:23:36 IST" name="LoginTest" finished-at="2025-02-14T12:23:42 IST" duration-ms="6098">
      <class name="com.testcases.LoginPageTestcase">
        <test-method is-config="true" signature="setUp()[pri:0, instance:com.testcases.LoginPageTestcase@74d1dc36]" started-at="2025-02-14T12:23:36 IST" name="setUp" finished-at="2025-02-14T12:23:38 IST" duration-ms="2320" status="PASS">
          <reporter-output>
          </reporter-output>
        </test-method> <!-- setUp -->
        <test-method signature="testLogin()[pri:1, instance:com.testcases.LoginPageTestcase@74d1dc36]" started-at="2025-02-14T12:23:38 IST" name="testLogin" finished-at="2025-02-14T12:23:42 IST" duration-ms="3740" status="PASS">
          <reporter-output>
          </reporter-output>
        </test-method> <!-- testLogin -->
        <test-method signature="testValidateTitile()[pri:1, instance:com.testcases.LoginPageTestcase@74d1dc36]" started-at="2025-02-14T12:23:42 IST" name="testValidateTitile" finished-at="2025-02-14T12:23:42 IST" duration-ms="7" status="PASS">
          <reporter-output>
          </reporter-output>
        </test-method> <!-- testValidateTitile -->
      </class> <!-- com.testcases.LoginPageTestcase -->
    </test> <!-- LoginTest -->
    <test started-at="2025-02-14T12:23:42 IST" name="LogOutTest" finished-at="2025-02-14T12:23:50 IST" duration-ms="7653">
      <class name="com.testcases.LogoutPageTestcases">
        <test-method is-config="true" signature="setUp()[pri:0, instance:com.testcases.LogoutPageTestcases@6be968ce]" started-at="2025-02-14T12:23:42 IST" name="setUp" finished-at="2025-02-14T12:23:46 IST" duration-ms="3433" status="PASS">
          <reporter-output>
          </reporter-output>
        </test-method> <!-- setUp -->
        <test-method signature="logout()[pri:0, instance:com.testcases.LogoutPageTestcases@6be968ce]" started-at="2025-02-14T12:23:46 IST" name="logout" finished-at="2025-02-14T12:23:50 IST" duration-ms="4218" status="PASS">
          <reporter-output>
          </reporter-output>
        </test-method> <!-- logout -->
      </class> <!-- com.testcases.LogoutPageTestcases -->
    </test> <!-- LogOutTest -->
  </suite> <!-- Suite -->
</testng-results>
